<?xml version="1.0" encoding="UTF-8"?>
<robot generator="Robot 7.0 (Python 3.12.1 on darwin)" generated="2024-02-01T19:11:10.423946" rpa="false" schemaversion="5">
<suite id="s1" name="Vehicle Insurance App" source="/Users/miguelbarca/TestAutomation/Vehicle_Insurance_App">
<suite id="s1-s1" name="Tests" source="/Users/miguelbarca/TestAutomation/Vehicle_Insurance_App/Tests">
<suite id="s1-s1-s1" name="TricentisScript" source="/Users/miguelbarca/TestAutomation/Vehicle_Insurance_App/Tests/TricentisScript.robot">
<test id="s1-s1-s1-t1" name="User Should Be Able To Complete Flow" line="20">
<kw name="Begin Web Test" owner="Common" type="SETUP">
<kw name="Open Browser" owner="SeleniumLibrary">
<msg time="2024-02-01T19:11:10.502624" level="INFO">Opening browser 'chrome' to base url 'about:blank'.</msg>
<arg>about:blank</arg>
<arg>${BROWSER}</arg>
<doc>Opens a new browser instance to the optional ``url``.</doc>
<status status="PASS" start="2024-02-01T19:11:10.502477" elapsed="1.120590"/>
</kw>
<status status="PASS" start="2024-02-01T19:11:10.501954" elapsed="1.121449"/>
</kw>
<kw name="E2E Test Case" owner="TricentisApp">
<for flavor="IN RANGE">
<iter>
<kw name="Navigate to" owner="Homepage">
<kw name="Go To" owner="SeleniumLibrary">
<msg time="2024-02-01T19:11:11.624769" level="INFO">Opening url 'https://sampleapp.tricentis.com/101/'</msg>
<arg>${HOMEPAGE_URL}</arg>
<doc>Navigates the current browser window to the provided ``url``.</doc>
<status status="PASS" start="2024-02-01T19:11:11.624658" elapsed="0.888698"/>
</kw>
<status status="PASS" start="2024-02-01T19:11:11.624493" elapsed="0.889008"/>
</kw>
<kw name="Select Category" owner="Homepage">
<kw name="Set Global Variable" owner="BuiltIn">
<msg time="2024-02-01T19:11:12.514180" level="INFO">${ACTIVE_CATEGORY} = Automobile</msg>
<arg>${ACTIVE_CATEGORY}</arg>
<doc>Makes a variable available globally in all tests and suites.</doc>
<status status="PASS" start="2024-02-01T19:11:12.513955" elapsed="0.000310"/>
</kw>
<kw name="Run Keyword" owner="BuiltIn">
<kw name="Click Automobile" owner="Homepage">
<kw name="Click Element" owner="SeleniumLibrary">
<msg time="2024-02-01T19:11:12.515136" level="INFO">Clicking element '//*[@id="nav_automobile"]'.</msg>
<arg>${AUTOMOBILE_CATEGORY_XPATH}</arg>
<doc>Click the element identified by ``locator``.</doc>
<status status="PASS" start="2024-02-01T19:11:12.514818" elapsed="0.301088"/>
</kw>
<status status="PASS" start="2024-02-01T19:11:12.514653" elapsed="0.301393"/>
</kw>
<arg>Click ${ACTIVE_CATEGORY}</arg>
<doc>Executes the given keyword with the given arguments.</doc>
<status status="PASS" start="2024-02-01T19:11:12.514361" elapsed="0.301739"/>
</kw>
<arg>${ACTIVE_CATEGORY}</arg>
<status status="PASS" start="2024-02-01T19:11:12.513640" elapsed="0.302518"/>
</kw>
<kw name="E2E - ${ACTIVE_CATEGORY}" owner="VehicleData" source_name="E2E - ${ACTIVE_CATEGORY}">
<kw name="Run Keyword" owner="BuiltIn">
<kw name="Get Automobile CSV File - List" owner="DataManager">
<kw name="Get Automobile CSV Data" owner="DataManager">
<kw name="Read Csv File" owner="Csv">
<msg time="2024-02-01T19:11:12.817889" level="INFO">${csv_data} = [['Audi', '120', '02/15/2020', '5', 'Petrol', '25000', 'ABC123', '12000'], ['BMW', '95', '04/21/2019', '4', 'Diesel', '22000', 'XYZ789', '15000'], ['Ford', '150', '10/08/2021', '7', 'Electric Power', ...</msg>
<var>${csv_data}</var>
<arg>${CSV_CARS_PATH}</arg>
<status status="PASS" start="2024-02-01T19:11:12.817190" elapsed="0.000791"/>
</kw>
<return>
<value>${csv_data}</value>
<status status="PASS" start="2024-02-01T19:11:12.818132" elapsed="0.000106"/>
</return>
<msg time="2024-02-01T19:11:12.818347" level="INFO">@{all_cars_list} = [ ['Audi', '120', '02/15/2020', '5', 'Petrol', '25000', 'ABC123', '12000'] | ['BMW', '95', '04/21/2019', '4', 'Diesel', '22000', 'XYZ789', '15000'] | ['Ford', '150', '10/08/2021', '7', 'Electric Power...</msg>
<var>@{all_cars_list}</var>
<status status="PASS" start="2024-02-01T19:11:12.817064" elapsed="0.001342"/>
</kw>
<return>
<value>@{all_cars_list}</value>
<status status="PASS" start="2024-02-01T19:11:12.818456" elapsed="0.000079"/>
</return>
<status status="PASS" start="2024-02-01T19:11:12.816919" elapsed="0.001666"/>
</kw>
<msg time="2024-02-01T19:11:12.818663" level="INFO">@{list} = [ ['Audi', '120', '02/15/2020', '5', 'Petrol', '25000', 'ABC123', '12000'] | ['BMW', '95', '04/21/2019', '4', 'Diesel', '22000', 'XYZ789', '15000'] | ['Ford', '150', '10/08/2021', '7', 'Electric Power...</msg>
<var>@{list}</var>
<arg>DataManager.Get ${ACTIVE_CATEGORY} CSV File - List</arg>
<doc>Executes the given keyword with the given arguments.</doc>
<status status="PASS" start="2024-02-01T19:11:12.816605" elapsed="0.002188"/>
</kw>
<kw name="Log Many" owner="BuiltIn">
<msg time="2024-02-01T19:11:12.819058" level="INFO">0 Automobile</msg>
<arg>${COUNTER_VEHICLE} ${ACTIVE_CATEGORY}</arg>
<doc>Logs the given messages as separate entries using the INFO level.</doc>
<status status="PASS" start="2024-02-01T19:11:12.818910" elapsed="0.000242"/>
</kw>
<kw name="Set Variable" owner="BuiltIn">
<msg time="2024-02-01T19:11:12.819443" level="INFO">${single_vehicle} = ['Audi', '120', '02/15/2020', '5', 'Petrol', '25000', 'ABC123', '12000']</msg>
<var>${single_vehicle}</var>
<arg>${list}[${COUNTER_VEHICLE} ]</arg>
<doc>Returns the given values which can then be assigned to a variables.</doc>
<status status="PASS" start="2024-02-01T19:11:12.819252" elapsed="0.000233"/>
</kw>
<kw name="Run Keyword" owner="BuiltIn">
<kw name="Fill Automobile Form Data" owner="VehicleData">
<kw name="Select From List By Value" owner="SeleniumLibrary">
<msg time="2024-02-01T19:11:12.820313" level="INFO">Selecting options from selection list 'xpath=//select[@id='make']' by value Audi.</msg>
<arg>${MAKE_XPATH}</arg>
<arg>${automobile}[0]</arg>
<doc>Selects options from selection list ``locator`` by ``values``.</doc>
<status status="PASS" start="2024-02-01T19:11:12.820117" elapsed="0.037663"/>
</kw>
<kw name="Input Text" owner="SeleniumLibrary">
<msg time="2024-02-01T19:11:12.858175" level="INFO">Typing text '120' into text field 'xpath=//input[@id='engineperformance']'.</msg>
<arg>${ENGINE_PERFORMANCE_XPATH}</arg>
<arg>${automobile}[1]</arg>
<doc>Types the given ``text`` into the text field identified by ``locator``.</doc>
<status status="PASS" start="2024-02-01T19:11:12.857958" elapsed="0.102998"/>
</kw>
<kw name="Input Text" owner="SeleniumLibrary">
<msg time="2024-02-01T19:11:12.961366" level="INFO">Typing text '02/15/2020' into text field 'xpath=//input[@id='dateofmanufacture']'.</msg>
<arg>${MANUFACTURE_DATE_XPATH}</arg>
<arg>${automobile}[2]</arg>
<doc>Types the given ``text`` into the text field identified by ``locator``.</doc>
<status status="PASS" start="2024-02-01T19:11:12.961128" elapsed="0.062682"/>
</kw>
<kw name="Select From List By Value" owner="SeleniumLibrary">
<msg time="2024-02-01T19:11:13.024284" level="INFO">Selecting options from selection list 'xpath=//select[@id='numberofseats']' by value 5.</msg>
<arg>${NUMBER_OF_SEATS_XPATH}</arg>
<arg>${automobile}[3]</arg>
<doc>Selects options from selection list ``locator`` by ``values``.</doc>
<status status="PASS" start="2024-02-01T19:11:13.024004" elapsed="0.033720"/>
</kw>
<kw name="Select From List By Value" owner="SeleniumLibrary">
<msg time="2024-02-01T19:11:13.058132" level="INFO">Selecting options from selection list 'xpath=//select[@id='fuel']' by value Petrol.</msg>
<arg>${FUEL_TYPE_XPATH}</arg>
<arg>${automobile}[4]</arg>
<doc>Selects options from selection list ``locator`` by ``values``.</doc>
<status status="PASS" start="2024-02-01T19:11:13.057914" elapsed="0.032233"/>
</kw>
<kw name="Input Text" owner="SeleniumLibrary">
<msg time="2024-02-01T19:11:13.090533" level="INFO">Typing text '25000' into text field 'xpath=//input[@id='listprice']'.</msg>
<arg>${LIST_PRICE_XPATH}</arg>
<arg>${automobile}[5]</arg>
<doc>Types the given ``text`` into the text field identified by ``locator``.</doc>
<status status="PASS" start="2024-02-01T19:11:13.090320" elapsed="0.042700"/>
</kw>
<kw name="Input Text" owner="SeleniumLibrary">
<msg time="2024-02-01T19:11:13.133401" level="INFO">Typing text 'ABC123' into text field 'xpath=//input[@id='licenseplatenumber']'.</msg>
<arg>${LICENSE_PLATE_XPATH}</arg>
<arg>${automobile}[6]</arg>
<doc>Types the given ``text`` into the text field identified by ``locator``.</doc>
<status status="PASS" start="2024-02-01T19:11:13.133187" elapsed="0.040975"/>
</kw>
<kw name="Input Text" owner="SeleniumLibrary">
<msg time="2024-02-01T19:11:13.174553" level="INFO">Typing text '12000' into text field 'xpath=//input[@id='annualmileage']'.</msg>
<arg>${ANNUAL_MILEAGE_XPATH}</arg>
<arg>${automobile}[7]</arg>
<doc>Types the given ``text`` into the text field identified by ``locator``.</doc>
<status status="PASS" start="2024-02-01T19:11:13.174334" elapsed="0.042164"/>
</kw>
<arg>${single_vehicle}</arg>
<status status="PASS" start="2024-02-01T19:11:12.819853" elapsed="0.396764"/>
</kw>
<arg>Fill ${ACTIVE_CATEGORY} Form Data</arg>
<arg>${single_vehicle}</arg>
<doc>Executes the given keyword with the given arguments.</doc>
<status status="PASS" start="2024-02-01T19:11:12.819570" elapsed="0.397097"/>
</kw>
<kw name="Increment Counter" owner="VehicleData">
<kw name="Evaluate" owner="BuiltIn">
<msg time="2024-02-01T19:11:13.217181" level="INFO">${COUNTER_VEHICLE} = 1</msg>
<var>${COUNTER_VEHICLE}</var>
<arg>${COUNTER_VEHICLE}+ 1</arg>
<doc>Evaluates the given expression in Python and returns the result.</doc>
<status status="PASS" start="2024-02-01T19:11:13.217023" elapsed="0.000223"/>
</kw>
<kw name="Set Global Variable" owner="BuiltIn">
<msg time="2024-02-01T19:11:13.217484" level="INFO">${COUNTER_VEHICLE} = 1</msg>
<arg>${COUNTER_VEHICLE}</arg>
<doc>Makes a variable available globally in all tests and suites.</doc>
<status status="PASS" start="2024-02-01T19:11:13.217333" elapsed="0.000330"/>
</kw>
<status status="PASS" start="2024-02-01T19:11:13.216807" elapsed="0.000911"/>
</kw>
<kw name="Proceed To Next Page" owner="VehicleData">
<kw name="Click Button" owner="SeleniumLibrary">
<msg time="2024-02-01T19:11:13.218041" level="INFO">Clicking button 'nextenterinsurantdata'.</msg>
<arg>${NEXT_ENTER_INSURANT_ID}</arg>
<doc>Clicks the button identified by ``locator``.</doc>
<status status="PASS" start="2024-02-01T19:11:13.217929" elapsed="0.043284"/>
</kw>
<status status="PASS" start="2024-02-01T19:11:13.217801" elapsed="0.043553"/>
</kw>
<arg>${ACTIVE_CATEGORY}</arg>
<arg>${COUNTER_VEHICLE}</arg>
<status status="PASS" start="2024-02-01T19:11:12.816295" elapsed="0.445123"/>
</kw>
<kw name="E2E" owner="InsurantForm">
<kw name="Get List Of Insurants" owner="DataManager">
<kw name="Get CSV Data - Insurants" owner="DataManager">
<kw name="Read Csv File" owner="Csv">
<msg time="2024-02-01T19:11:13.262421" level="INFO">${csv_data} = [['John', 'Doe', '01/01/1984', 'gendermale', '123 Main St', 'Portugal', '12345', 'Lisbon', 'Employee', 'Speeding', 'https://github.com/Miguel-Barca', 'path/to/picture.jpg'], ['Alice', 'Smith', '05/12/...</msg>
<var>${csv_data}</var>
<arg>${CSV_INSURANTS_PATH}</arg>
<status status="PASS" start="2024-02-01T19:11:13.262146" elapsed="0.000368"/>
</kw>
<return>
<value>${csv_data}</value>
<status status="PASS" start="2024-02-01T19:11:13.262599" elapsed="0.000069"/>
</return>
<msg time="2024-02-01T19:11:13.262804" level="INFO">@{all_insurants_list} = [ ['John', 'Doe', '01/01/1984', 'gendermale', '123 Main St', 'Portugal', '12345', 'Lisbon', 'Employee', 'Speeding', 'https://github.com/Miguel-Barca', 'path/to/picture.jpg'] | ['Alice', 'Smith', '05/1...</msg>
<var>@{all_insurants_list}</var>
<status status="PASS" start="2024-02-01T19:11:13.262018" elapsed="0.000841"/>
</kw>
<return>
<value>@{all_insurants_list}</value>
<status status="PASS" start="2024-02-01T19:11:13.262910" elapsed="0.000036"/>
</return>
<msg time="2024-02-01T19:11:13.263050" level="INFO">@{all_insurants_list} = [ ['John', 'Doe', '01/01/1984', 'gendermale', '123 Main St', 'Portugal', '12345', 'Lisbon', 'Employee', 'Speeding', 'https://github.com/Miguel-Barca', 'path/to/picture.jpg'] | ['Alice', 'Smith', '05/1...</msg>
<var>@{all_insurants_list}</var>
<status status="PASS" start="2024-02-01T19:11:13.261872" elapsed="0.001220"/>
</kw>
<kw name="Set Variable" owner="BuiltIn">
<msg time="2024-02-01T19:11:13.263318" level="INFO">${single_insurant} = ['John', 'Doe', '01/01/1984', 'gendermale', '123 Main St', 'Portugal', '12345', 'Lisbon', 'Employee', 'Speeding', 'https://github.com/Miguel-Barca', 'path/to/picture.jpg']</msg>
<var>${single_insurant}</var>
<arg>${all_insurants_list}[${COUNTER_INSURANT_COUNTER}]</arg>
<doc>Returns the given values which can then be assigned to a variables.</doc>
<status status="PASS" start="2024-02-01T19:11:13.263179" elapsed="0.000176"/>
</kw>
<kw name="Input Text" owner="SeleniumLibrary">
<msg time="2024-02-01T19:11:13.263579" level="INFO">Typing text 'John' into text field 'xpath=//input[@id='firstname']'.</msg>
<arg>${FIRST_NAME_XPATH}</arg>
<arg>${single_insurant}[0]</arg>
<doc>Types the given ``text`` into the text field identified by ``locator``.</doc>
<status status="PASS" start="2024-02-01T19:11:13.263441" elapsed="0.040178"/>
</kw>
<kw name="Input Text" owner="SeleniumLibrary">
<msg time="2024-02-01T19:11:13.304011" level="INFO">Typing text 'Doe' into text field 'xpath=//input[@id='lastname']'.</msg>
<arg>${LAST_NAME_XPATH}</arg>
<arg>${single_insurant}[1]</arg>
<doc>Types the given ``text`` into the text field identified by ``locator``.</doc>
<status status="PASS" start="2024-02-01T19:11:13.303791" elapsed="0.039706"/>
</kw>
<kw name="Input Text" owner="SeleniumLibrary">
<msg time="2024-02-01T19:11:13.343919" level="INFO">Typing text '01/01/1984' into text field 'xpath=//input[@id='birthdate']'.</msg>
<arg>${DOB_XPATH}</arg>
<arg>${single_insurant}[2]</arg>
<doc>Types the given ``text`` into the text field identified by ``locator``.</doc>
<status status="PASS" start="2024-02-01T19:11:13.343694" elapsed="0.051400"/>
</kw>
<kw name="Select Gender" owner="InsurantForm">
<kw name="Run Keyword" owner="BuiltIn">
<kw name="Select gendermale" owner="InsurantForm">
<kw name="Click Element" owner="SeleniumLibrary">
<msg time="2024-02-01T19:11:13.396211" level="INFO">Clicking element '//form[@id="insurance-form"]//div[4]/p/label[1]/span'.</msg>
<arg>${GENDERMALE_RADIO_BUTTON}</arg>
<doc>Click the element identified by ``locator``.</doc>
<status status="PASS" start="2024-02-01T19:11:13.395912" elapsed="0.025673"/>
</kw>
<status status="PASS" start="2024-02-01T19:11:13.395759" elapsed="0.026025"/>
</kw>
<arg>Select ${INSURANT_DATA['gender']}</arg>
<doc>Executes the given keyword with the given arguments.</doc>
<status status="PASS" start="2024-02-01T19:11:13.395527" elapsed="0.026309"/>
</kw>
<arg>${single_insurant}[3]</arg>
<status status="PASS" start="2024-02-01T19:11:13.395276" elapsed="0.026617"/>
</kw>
<kw name="Input Text" owner="SeleniumLibrary">
<msg time="2024-02-01T19:11:13.422204" level="INFO">Typing text '123 Main St' into text field 'xpath=//input[@id='streetaddress']'.</msg>
<arg>${STREET_ADDRESS_XPATH}</arg>
<arg>${single_insurant}[4]</arg>
<doc>Types the given ``text`` into the text field identified by ``locator``.</doc>
<status status="PASS" start="2024-02-01T19:11:13.421993" elapsed="0.047106"/>
</kw>
<kw name="Select From List By Value" owner="SeleniumLibrary">
<msg time="2024-02-01T19:11:13.469537" level="INFO">Selecting options from selection list 'xpath=//select[@id='country']' by value Portugal.</msg>
<arg>${COUNTRIES_LIST_XPATH}</arg>
<arg>${single_insurant}[5]</arg>
<doc>Selects options from selection list ``locator`` by ``values``.</doc>
<status status="PASS" start="2024-02-01T19:11:13.469281" elapsed="0.033380"/>
</kw>
<kw name="Input Text" owner="SeleniumLibrary">
<msg time="2024-02-01T19:11:13.503059" level="INFO">Typing text '12345' into text field 'xpath=//input[@id='zipcode']'.</msg>
<arg>${ZIP_CODE_XPATH}</arg>
<arg>${single_insurant}[6]</arg>
<doc>Types the given ``text`` into the text field identified by ``locator``.</doc>
<status status="PASS" start="2024-02-01T19:11:13.502834" elapsed="0.041138"/>
</kw>
<kw name="Input Text" owner="SeleniumLibrary">
<msg time="2024-02-01T19:11:13.544352" level="INFO">Typing text 'Lisbon' into text field 'xpath=//input[@id='city']'.</msg>
<arg>${CITY_XPATH}</arg>
<arg>${single_insurant}[7]</arg>
<doc>Types the given ``text`` into the text field identified by ``locator``.</doc>
<status status="PASS" start="2024-02-01T19:11:13.544137" elapsed="0.037472"/>
</kw>
<kw name="Select From List By Value" owner="SeleniumLibrary">
<msg time="2024-02-01T19:11:13.582026" level="INFO">Selecting options from selection list 'xpath=//select[@id='occupation']' by value Employee.</msg>
<arg>${OCCUPATION_LIST_XPATH}</arg>
<arg>${single_insurant}[8]</arg>
<doc>Selects options from selection list ``locator`` by ``values``.</doc>
<status status="PASS" start="2024-02-01T19:11:13.581798" elapsed="0.032220"/>
</kw>
<kw name="Evaluate and Select Hobbies" owner="InsurantForm">
<kw name="Run Keyword" owner="BuiltIn">
<kw name="Select Speeding Hobby Option" owner="InsurantForm">
<kw name="Click Element" owner="SeleniumLibrary">
<msg time="2024-02-01T19:11:13.615789" level="INFO">Clicking element '//form[@id="insurance-form"]//div[10]/p/label[1]/span'.</msg>
<arg>${HOBBIES_SPEEDING_CHECKBOX}</arg>
<doc>Click the element identified by ``locator``.</doc>
<status status="PASS" start="2024-02-01T19:11:13.614902" elapsed="0.023554"/>
</kw>
<status status="PASS" start="2024-02-01T19:11:13.614722" elapsed="0.023977"/>
</kw>
<arg>Select ${INSURANT_DATA['hobbies']} Hobby Option</arg>
<doc>Executes the given keyword with the given arguments.</doc>
<status status="PASS" start="2024-02-01T19:11:13.614468" elapsed="0.024281"/>
</kw>
<arg>${single_insurant}[9]</arg>
<status status="PASS" start="2024-02-01T19:11:13.614210" elapsed="0.024593"/>
</kw>
<kw name="Input Text" owner="SeleniumLibrary">
<msg time="2024-02-01T19:11:13.639120" level="INFO">Typing text 'https://github.com/Miguel-Barca' into text field 'xpath=//input[@id='website']'.</msg>
<arg>${WEBSITE_XPATH}</arg>
<arg>${single_insurant}[10]</arg>
<doc>Types the given ``text`` into the text field identified by ``locator``.</doc>
<status status="PASS" start="2024-02-01T19:11:13.638905" elapsed="0.063402"/>
</kw>
<kw name="Increment Counter" owner="InsurantForm">
<kw name="Evaluate" owner="BuiltIn">
<msg time="2024-02-01T19:11:13.702931" level="INFO">${COUNTER_INSURANT_COUNTER} = 1</msg>
<var>${COUNTER_INSURANT_COUNTER}</var>
<arg>${COUNTER_INSURANT_COUNTER} + 1</arg>
<doc>Evaluates the given expression in Python and returns the result.</doc>
<status status="PASS" start="2024-02-01T19:11:13.702754" elapsed="0.000247"/>
</kw>
<kw name="Set Global Variable" owner="BuiltIn">
<msg time="2024-02-01T19:11:13.703247" level="INFO">${COUNTER_INSURANT_COUNTER} = 1</msg>
<arg>${COUNTER_INSURANT_COUNTER}</arg>
<doc>Makes a variable available globally in all tests and suites.</doc>
<status status="PASS" start="2024-02-01T19:11:13.703096" elapsed="0.000198"/>
</kw>
<status status="PASS" start="2024-02-01T19:11:13.702516" elapsed="0.000833"/>
</kw>
<kw name="Proceed To Next Page" owner="InsurantForm">
<kw name="Click Button" owner="SeleniumLibrary">
<msg time="2024-02-01T19:11:13.703692" level="INFO">Clicking button 'nextenterproductdata'.</msg>
<arg>${NEXT_ENTER_PRODUCT_ID}</arg>
<doc>Clicks the button identified by ``locator``.</doc>
<status status="PASS" start="2024-02-01T19:11:13.703569" elapsed="0.033980"/>
</kw>
<status status="PASS" start="2024-02-01T19:11:13.703435" elapsed="0.034285"/>
</kw>
<arg>${COUNTER_INSURANT_COUNTER}</arg>
<status status="PASS" start="2024-02-01T19:11:13.261582" elapsed="0.476205"/>
</kw>
<kw name="E2E" owner="ProductDataPage">
<kw name="Input Text" owner="SeleniumLibrary">
<msg time="2024-02-01T19:11:13.738832" level="INFO">Typing text '01/01/2025' into text field 'xpath=//input[@id='startdate']'.</msg>
<arg>${START_DATE_XPATH}</arg>
<arg>${PRODUCT_DATA['startdate']}</arg>
<doc>Types the given ``text`` into the text field identified by ``locator``.</doc>
<status status="PASS" start="2024-02-01T19:11:13.738167" elapsed="0.051574"/>
</kw>
<kw name="Select Sum Dropdown" owner="ProductDataPage">
<kw name="Select From List By Value" owner="SeleniumLibrary">
<msg time="2024-02-01T19:11:13.790818" level="INFO">Selecting options from selection list 'xpath=//select[@id='insurancesum']' by value 20000000.</msg>
<arg>${INSURANCE_SUM_LIST_XPATH}</arg>
<arg>${PRODUCT_DATA['value']}</arg>
<doc>Selects options from selection list ``locator`` by ``values``.</doc>
<status status="PASS" start="2024-02-01T19:11:13.790654" elapsed="0.032960"/>
</kw>
<arg>${PRODUCT_DATA['value']}</arg>
<status status="PASS" start="2024-02-01T19:11:13.789925" elapsed="0.033816"/>
</kw>
<kw name="Select Merit Rating" owner="ProductDataPage">
<kw name="Select From List By Value" owner="SeleniumLibrary">
<msg time="2024-02-01T19:11:13.824694" level="INFO">Selecting options from selection list 'xpath=//select[@id='meritrating']' by value Bonus 8.</msg>
<arg>${MERIT_RATING_LIST_XPATH}</arg>
<arg>${PRODUCT_DATA['bonus']}</arg>
<doc>Selects options from selection list ``locator`` by ``values``.</doc>
<status status="PASS" start="2024-02-01T19:11:13.824553" elapsed="0.031774"/>
</kw>
<arg>${PRODUCT_DATA['bonus']}</arg>
<status status="PASS" start="2024-02-01T19:11:13.823867" elapsed="0.032579"/>
</kw>
<kw name="Select Damage Insurance" owner="ProductDataPage">
<kw name="Select From List By Value" owner="SeleniumLibrary">
<msg time="2024-02-01T19:11:13.857310" level="INFO">Selecting options from selection list 'xpath=//select[@id='damageinsurance']' by value Full Coverage.</msg>
<arg>${DAMAGE_INSURANCE_LIST_XPATH}</arg>
<arg>${PRODUCT_DATA['damageinsurance']}</arg>
<doc>Selects options from selection list ``locator`` by ``values``.</doc>
<status status="PASS" start="2024-02-01T19:11:13.857164" elapsed="0.032744"/>
</kw>
<arg>${PRODUCT_DATA['damageinsurance']}</arg>
<status status="PASS" start="2024-02-01T19:11:13.856566" elapsed="0.033463"/>
</kw>
<kw name="Select Optionals" owner="ProductDataPage">
<kw name="Run Keyword" owner="BuiltIn">
<kw name="Select Euro Protection - Optional" owner="ProductDataPage">
<kw name="Click Element" owner="SeleniumLibrary">
<msg time="2024-02-01T19:11:13.891438" level="INFO">Clicking element 'xpath=//form[@id="insurance-form"]//div[5]/p/label[1]/span'.</msg>
<arg>${EURO_PROTECTION_CHECKBOX_XPATH}</arg>
<doc>Click the element identified by ``locator``.</doc>
<status status="PASS" start="2024-02-01T19:11:13.891199" elapsed="0.022314"/>
</kw>
<status status="PASS" start="2024-02-01T19:11:13.891059" elapsed="0.022687"/>
</kw>
<arg>Select ${PRODUCT_DATA['optional']} - Optional</arg>
<doc>Executes the given keyword with the given arguments.</doc>
<status status="PASS" start="2024-02-01T19:11:13.890794" elapsed="0.023020"/>
</kw>
<arg>${PRODUCT_DATA['optional']}</arg>
<status status="PASS" start="2024-02-01T19:11:13.890146" elapsed="0.023734"/>
</kw>
<kw name="Select Courtesy Car" owner="ProductDataPage">
<kw name="Select From List By Value" owner="SeleniumLibrary">
<msg time="2024-02-01T19:11:13.915119" level="INFO">Selecting options from selection list 'xpath=//select[@id='courtesycar']' by value Yes.</msg>
<arg>${COURTESY_CAR_LIST_XPATH}</arg>
<arg>${PRODUCT_DATA['courtesycar']}</arg>
<doc>Selects options from selection list ``locator`` by ``values``.</doc>
<status status="PASS" start="2024-02-01T19:11:13.914647" elapsed="0.038467"/>
</kw>
<arg>${PRODUCT_DATA['courtesycar']}</arg>
<status status="PASS" start="2024-02-01T19:11:13.913993" elapsed="0.039242"/>
</kw>
<kw name="Proceed To Next Page" owner="ProductDataPage">
<kw name="Click Button" owner="SeleniumLibrary">
<msg time="2024-02-01T19:11:13.953715" level="INFO">Clicking button 'nextselectpriceoption'.</msg>
<arg>${NEXT_SELECT_PRICE_ID}</arg>
<doc>Clicks the button identified by ``locator``.</doc>
<status status="PASS" start="2024-02-01T19:11:13.953582" elapsed="0.038563"/>
</kw>
<status status="PASS" start="2024-02-01T19:11:13.953359" elapsed="0.038905"/>
</kw>
<status status="PASS" start="2024-02-01T19:11:13.737925" elapsed="0.254391"/>
</kw>
<kw name="E2E" owner="SelectPriceOptionPage">
<kw name="Evaluate" owner="BuiltIn">
<msg time="2024-02-01T19:11:13.992877" level="INFO">${random_option} = SILVER</msg>
<var>${random_option}</var>
<arg>random.choice(["SILVER", "GOLD", "PLATINUM", "ULTIMATE"])</arg>
<doc>Evaluates the given expression in Python and returns the result.</doc>
<status status="PASS" start="2024-02-01T19:11:13.992685" elapsed="0.000262"/>
</kw>
<kw name="Run Keyword" owner="BuiltIn">
<kw name="Select SILVER Option" owner="SelectPriceOptionPage">
<kw name="Click Element" owner="SeleniumLibrary">
<msg time="2024-02-01T19:11:13.993860" level="INFO">Clicking element '//table[@id="priceTable"]//label[1]/span'.</msg>
<arg>${SILVER_RADIO_BUTTON_XPATH}</arg>
<doc>Click the element identified by ``locator``.</doc>
<status status="PASS" start="2024-02-01T19:11:13.993734" elapsed="0.022507"/>
</kw>
<status status="PASS" start="2024-02-01T19:11:13.993474" elapsed="0.022889"/>
</kw>
<arg>Select ${random_option} Option</arg>
<doc>Executes the given keyword with the given arguments.</doc>
<status status="PASS" start="2024-02-01T19:11:13.993157" elapsed="0.023255"/>
</kw>
<kw name="Proceed To Next Page" owner="SelectPriceOptionPage">
<kw name="Wait Until Element Is Visible" owner="SeleniumLibrary">
<arg>${NEXT_SEND_QUOTE_ID}</arg>
<doc>Waits until the element ``locator`` is visible.</doc>
<status status="PASS" start="2024-02-01T19:11:14.016744" elapsed="0.457751"/>
</kw>
<kw name="Click Button" owner="SeleniumLibrary">
<msg time="2024-02-01T19:11:14.475069" level="INFO">Clicking button 'nextsendquote'.</msg>
<arg>${NEXT_SEND_QUOTE_ID}</arg>
<doc>Clicks the button identified by ``locator``.</doc>
<status status="PASS" start="2024-02-01T19:11:14.474748" elapsed="0.036316"/>
</kw>
<status status="PASS" start="2024-02-01T19:11:14.016537" elapsed="0.494655"/>
</kw>
<status status="PASS" start="2024-02-01T19:11:13.992435" elapsed="0.518814"/>
</kw>
<kw name="E2E" owner="SendQuotePage">
<kw name="Input Text" owner="SeleniumLibrary">
<msg time="2024-02-01T19:11:14.512273" level="INFO">Typing text 'test@tricentis.com' into text field '//input[@id="email"]'.</msg>
<arg>${INPUT_EMAIL_XPATH}</arg>
<arg>${USER_DATA['email']}</arg>
<doc>Types the given ``text`` into the text field identified by ``locator``.</doc>
<status status="PASS" start="2024-02-01T19:11:14.511632" elapsed="0.056243"/>
</kw>
<kw name="Input Text" owner="SeleniumLibrary">
<msg time="2024-02-01T19:11:14.568813" level="INFO">Typing text '919999999' into text field '//input[@id="phone"]'.</msg>
<arg>${PHONE_XPATH}</arg>
<arg>${USER_DATA['phone']}</arg>
<doc>Types the given ``text`` into the text field identified by ``locator``.</doc>
<status status="PASS" start="2024-02-01T19:11:14.568086" elapsed="0.048403"/>
</kw>
<kw name="Input Text" owner="SeleniumLibrary">
<msg time="2024-02-01T19:11:14.617320" level="INFO">Typing text 'Miguel_Barca' into text field '//input[@id="username"]'.</msg>
<arg>${USERNAME_XPATH}</arg>
<arg>${USER_DATA['username']}</arg>
<doc>Types the given ``text`` into the text field identified by ``locator``.</doc>
<status status="PASS" start="2024-02-01T19:11:14.616667" elapsed="0.046374"/>
</kw>
<kw name="Fill Password" owner="SendQuotePage">
<kw name="Input Text" owner="SeleniumLibrary">
<msg time="2024-02-01T19:11:14.664084" level="INFO">Typing text 'Qwerty_1' into text field '//input[@id="password"]'.</msg>
<arg>${PASSWORD_XPATH}</arg>
<arg>${USER_PASSWORD}</arg>
<doc>Types the given ``text`` into the text field identified by ``locator``.</doc>
<status status="PASS" start="2024-02-01T19:11:14.663940" elapsed="0.048257"/>
</kw>
<kw name="Input Text" owner="SeleniumLibrary">
<msg time="2024-02-01T19:11:14.712632" level="INFO">Typing text 'Qwerty_1' into text field '//input[@id="confirmpassword"]'.</msg>
<arg>${CONFIRM_PASSWORD_XPATH}</arg>
<arg>${USER_PASSWORD}</arg>
<doc>Types the given ``text`` into the text field identified by ``locator``.</doc>
<status status="PASS" start="2024-02-01T19:11:14.712382" elapsed="0.044365"/>
</kw>
<arg>${USER_DATA['password']}</arg>
<status status="PASS" start="2024-02-01T19:11:14.663226" elapsed="0.093641"/>
</kw>
<kw name="Add Comment" owner="SendQuotePage">
<kw name="Input Text" owner="SeleniumLibrary">
<msg time="2024-02-01T19:11:14.757801" level="INFO">Typing text 'Lorem Ipsum is simply dummy text of the printing and typesetting industry. Lorem Ipsum has been the industry's standard dummy text ever since the 1500s, when an unknown printer took a galley of type and scrambled it to make a type specimen book.' into text field '//textarea[@id="Comments"]'.</msg>
<arg>${COMMENT_AREA_XPATH}</arg>
<arg>${USER_DATA['comment']}</arg>
<doc>Types the given ``text`` into the text field identified by ``locator``.</doc>
<status status="PASS" start="2024-02-01T19:11:14.757207" elapsed="0.185436"/>
</kw>
<status status="PASS" start="2024-02-01T19:11:14.756989" elapsed="0.185789"/>
</kw>
<kw name="Press Send And Wait Success Message" owner="SendQuotePage">
<kw name="Wait Until Element Is Visible" owner="SeleniumLibrary">
<arg>${SEND_BUTTON}</arg>
<doc>Waits until the element ``locator`` is visible.</doc>
<status status="PASS" start="2024-02-01T19:11:14.943242" elapsed="0.010435"/>
</kw>
<kw name="Click Button" owner="SeleniumLibrary">
<msg time="2024-02-01T19:11:14.954041" level="INFO">Clicking button '//button[@id="sendemail"]'.</msg>
<arg>${SEND_BUTTON}</arg>
<doc>Clicks the button identified by ``locator``.</doc>
<status status="PASS" start="2024-02-01T19:11:14.953837" elapsed="0.027963"/>
</kw>
<kw name="Validate Pop-Up Success Message" owner="SendQuotePage">
<kw name="Set Variable" owner="BuiltIn">
<msg time="2024-02-01T19:11:14.982298" level="INFO">${message} = Sending e-mail success!</msg>
<var>${message}</var>
<arg>Sending e-mail success!</arg>
<doc>Returns the given values which can then be assigned to a variables.</doc>
<status status="PASS" start="2024-02-01T19:11:14.982198" elapsed="0.000161"/>
</kw>
<kw name="Wait Until Element Is Visible" owner="SeleniumLibrary">
<arg>${SUCCESS_POP_UP_XATH}</arg>
<arg>timeout=10</arg>
<doc>Waits until the element ``locator`` is visible.</doc>
<status status="PASS" start="2024-02-01T19:11:14.982442" elapsed="8.807985"/>
</kw>
<kw name="Wait Until Element Contains" owner="SeleniumLibrary">
<arg>${SUCCESS_POP_UP_XATH}</arg>
<arg>${message}</arg>
<doc>Waits until the element ``locator`` contains ``text``.</doc>
<status status="PASS" start="2024-02-01T19:11:23.790844" elapsed="0.018943"/>
</kw>
<status status="PASS" start="2024-02-01T19:11:14.981984" elapsed="8.827990"/>
</kw>
<status status="PASS" start="2024-02-01T19:11:14.942959" elapsed="8.867090"/>
</kw>
<status status="PASS" start="2024-02-01T19:11:14.511382" elapsed="9.298732"/>
</kw>
<var name="${START}">0</var>
<status status="PASS" start="2024-02-01T19:11:11.624216" elapsed="12.185954"/>
</iter>
<iter>
<kw name="Navigate to" owner="Homepage">
<kw name="Go To" owner="SeleniumLibrary">
<msg time="2024-02-01T19:11:23.810873" level="INFO">Opening url 'https://sampleapp.tricentis.com/101/'</msg>
<arg>${HOMEPAGE_URL}</arg>
<doc>Navigates the current browser window to the provided ``url``.</doc>
<status status="PASS" start="2024-02-01T19:11:23.810721" elapsed="0.099619"/>
</kw>
<status status="PASS" start="2024-02-01T19:11:23.810494" elapsed="0.099998"/>
</kw>
<kw name="Select Category" owner="Homepage">
<kw name="Set Global Variable" owner="BuiltIn">
<msg time="2024-02-01T19:11:23.911156" level="INFO">${ACTIVE_CATEGORY} = Automobile</msg>
<arg>${ACTIVE_CATEGORY}</arg>
<doc>Makes a variable available globally in all tests and suites.</doc>
<status status="PASS" start="2024-02-01T19:11:23.910973" elapsed="0.000275"/>
</kw>
<kw name="Run Keyword" owner="BuiltIn">
<kw name="Click Automobile" owner="Homepage">
<kw name="Click Element" owner="SeleniumLibrary">
<msg time="2024-02-01T19:11:23.912112" level="INFO">Clicking element '//*[@id="nav_automobile"]'.</msg>
<arg>${AUTOMOBILE_CATEGORY_XPATH}</arg>
<doc>Click the element identified by ``locator``.</doc>
<status status="PASS" start="2024-02-01T19:11:23.911914" elapsed="0.154501"/>
</kw>
<status status="PASS" start="2024-02-01T19:11:23.911675" elapsed="0.154871"/>
</kw>
<arg>Click ${ACTIVE_CATEGORY}</arg>
<doc>Executes the given keyword with the given arguments.</doc>
<status status="PASS" start="2024-02-01T19:11:23.911354" elapsed="0.155244"/>
</kw>
<arg>${ACTIVE_CATEGORY}</arg>
<status status="PASS" start="2024-02-01T19:11:23.910639" elapsed="0.156014"/>
</kw>
<kw name="E2E - ${ACTIVE_CATEGORY}" owner="VehicleData" source_name="E2E - ${ACTIVE_CATEGORY}">
<kw name="Run Keyword" owner="BuiltIn">
<kw name="Get Automobile CSV File - List" owner="DataManager">
<kw name="Get Automobile CSV Data" owner="DataManager">
<kw name="Read Csv File" owner="Csv">
<msg time="2024-02-01T19:11:24.068203" level="INFO">${csv_data} = [['Audi', '120', '02/15/2020', '5', 'Petrol', '25000', 'ABC123', '12000'], ['BMW', '95', '04/21/2019', '4', 'Diesel', '22000', 'XYZ789', '15000'], ['Ford', '150', '10/08/2021', '7', 'Electric Power', ...</msg>
<var>${csv_data}</var>
<arg>${CSV_CARS_PATH}</arg>
<status status="PASS" start="2024-02-01T19:11:24.067846" elapsed="0.000439"/>
</kw>
<return>
<value>${csv_data}</value>
<status status="PASS" start="2024-02-01T19:11:24.068450" elapsed="0.000055"/>
</return>
<msg time="2024-02-01T19:11:24.068600" level="INFO">@{all_cars_list} = [ ['Audi', '120', '02/15/2020', '5', 'Petrol', '25000', 'ABC123', '12000'] | ['BMW', '95', '04/21/2019', '4', 'Diesel', '22000', 'XYZ789', '15000'] | ['Ford', '150', '10/08/2021', '7', 'Electric Power...</msg>
<var>@{all_cars_list}</var>
<status status="PASS" start="2024-02-01T19:11:24.067676" elapsed="0.000964"/>
</kw>
<return>
<value>@{all_cars_list}</value>
<status status="PASS" start="2024-02-01T19:11:24.068700" elapsed="0.000038"/>
</return>
<status status="PASS" start="2024-02-01T19:11:24.067404" elapsed="0.001383"/>
</kw>
<msg time="2024-02-01T19:11:24.068868" level="INFO">@{list} = [ ['Audi', '120', '02/15/2020', '5', 'Petrol', '25000', 'ABC123', '12000'] | ['BMW', '95', '04/21/2019', '4', 'Diesel', '22000', 'XYZ789', '15000'] | ['Ford', '150', '10/08/2021', '7', 'Electric Power...</msg>
<var>@{list}</var>
<arg>DataManager.Get ${ACTIVE_CATEGORY} CSV File - List</arg>
<doc>Executes the given keyword with the given arguments.</doc>
<status status="PASS" start="2024-02-01T19:11:24.067127" elapsed="0.001778"/>
</kw>
<kw name="Log Many" owner="BuiltIn">
<msg time="2024-02-01T19:11:24.069107" level="INFO">1 Automobile</msg>
<arg>${COUNTER_VEHICLE} ${ACTIVE_CATEGORY}</arg>
<doc>Logs the given messages as separate entries using the INFO level.</doc>
<status status="PASS" start="2024-02-01T19:11:24.068995" elapsed="0.000160"/>
</kw>
<kw name="Set Variable" owner="BuiltIn">
<msg time="2024-02-01T19:11:24.069344" level="INFO">${single_vehicle} = ['BMW', '95', '04/21/2019', '4', 'Diesel', '22000', 'XYZ789', '15000']</msg>
<var>${single_vehicle}</var>
<arg>${list}[${COUNTER_VEHICLE} ]</arg>
<doc>Returns the given values which can then be assigned to a variables.</doc>
<status status="PASS" start="2024-02-01T19:11:24.069234" elapsed="0.000145"/>
</kw>
<kw name="Run Keyword" owner="BuiltIn">
<kw name="Fill Automobile Form Data" owner="VehicleData">
<kw name="Select From List By Value" owner="SeleniumLibrary">
<msg time="2024-02-01T19:11:24.070252" level="INFO">Selecting options from selection list 'xpath=//select[@id='make']' by value BMW.</msg>
<arg>${MAKE_XPATH}</arg>
<arg>${automobile}[0]</arg>
<doc>Selects options from selection list ``locator`` by ``values``.</doc>
<status status="PASS" start="2024-02-01T19:11:24.069924" elapsed="0.032787"/>
</kw>
<kw name="Input Text" owner="SeleniumLibrary">
<msg time="2024-02-01T19:11:24.103118" level="INFO">Typing text '95' into text field 'xpath=//input[@id='engineperformance']'.</msg>
<arg>${ENGINE_PERFORMANCE_XPATH}</arg>
<arg>${automobile}[1]</arg>
<doc>Types the given ``text`` into the text field identified by ``locator``.</doc>
<status status="PASS" start="2024-02-01T19:11:24.102885" elapsed="0.035224"/>
</kw>
<kw name="Input Text" owner="SeleniumLibrary">
<msg time="2024-02-01T19:11:24.138496" level="INFO">Typing text '04/21/2019' into text field 'xpath=//input[@id='dateofmanufacture']'.</msg>
<arg>${MANUFACTURE_DATE_XPATH}</arg>
<arg>${automobile}[2]</arg>
<doc>Types the given ``text`` into the text field identified by ``locator``.</doc>
<status status="PASS" start="2024-02-01T19:11:24.138282" elapsed="0.052415"/>
</kw>
<kw name="Select From List By Value" owner="SeleniumLibrary">
<msg time="2024-02-01T19:11:24.191130" level="INFO">Selecting options from selection list 'xpath=//select[@id='numberofseats']' by value 4.</msg>
<arg>${NUMBER_OF_SEATS_XPATH}</arg>
<arg>${automobile}[3]</arg>
<doc>Selects options from selection list ``locator`` by ``values``.</doc>
<status status="PASS" start="2024-02-01T19:11:24.190883" elapsed="0.031450"/>
</kw>
<kw name="Select From List By Value" owner="SeleniumLibrary">
<msg time="2024-02-01T19:11:24.222780" level="INFO">Selecting options from selection list 'xpath=//select[@id='fuel']' by value Diesel.</msg>
<arg>${FUEL_TYPE_XPATH}</arg>
<arg>${automobile}[4]</arg>
<doc>Selects options from selection list ``locator`` by ``values``.</doc>
<status status="PASS" start="2024-02-01T19:11:24.222525" elapsed="0.031607"/>
</kw>
<kw name="Input Text" owner="SeleniumLibrary">
<msg time="2024-02-01T19:11:24.254597" level="INFO">Typing text '22000' into text field 'xpath=//input[@id='listprice']'.</msg>
<arg>${LIST_PRICE_XPATH}</arg>
<arg>${automobile}[5]</arg>
<doc>Types the given ``text`` into the text field identified by ``locator``.</doc>
<status status="PASS" start="2024-02-01T19:11:24.254342" elapsed="0.038951"/>
</kw>
<kw name="Input Text" owner="SeleniumLibrary">
<msg time="2024-02-01T19:11:24.293674" level="INFO">Typing text 'XYZ789' into text field 'xpath=//input[@id='licenseplatenumber']'.</msg>
<arg>${LICENSE_PLATE_XPATH}</arg>
<arg>${automobile}[6]</arg>
<doc>Types the given ``text`` into the text field identified by ``locator``.</doc>
<status status="PASS" start="2024-02-01T19:11:24.293464" elapsed="0.040924"/>
</kw>
<kw name="Input Text" owner="SeleniumLibrary">
<msg time="2024-02-01T19:11:24.334790" level="INFO">Typing text '15000' into text field 'xpath=//input[@id='annualmileage']'.</msg>
<arg>${ANNUAL_MILEAGE_XPATH}</arg>
<arg>${automobile}[7]</arg>
<doc>Types the given ``text`` into the text field identified by ``locator``.</doc>
<status status="PASS" start="2024-02-01T19:11:24.334557" elapsed="0.040903"/>
</kw>
<arg>${single_vehicle}</arg>
<status status="PASS" start="2024-02-01T19:11:24.069642" elapsed="0.305937"/>
</kw>
<arg>Fill ${ACTIVE_CATEGORY} Form Data</arg>
<arg>${single_vehicle}</arg>
<doc>Executes the given keyword with the given arguments.</doc>
<status status="PASS" start="2024-02-01T19:11:24.069456" elapsed="0.306175"/>
</kw>
<kw name="Increment Counter" owner="VehicleData">
<kw name="Evaluate" owner="BuiltIn">
<msg time="2024-02-01T19:11:24.376121" level="INFO">${COUNTER_VEHICLE} = 2</msg>
<var>${COUNTER_VEHICLE}</var>
<arg>${COUNTER_VEHICLE}+ 1</arg>
<doc>Evaluates the given expression in Python and returns the result.</doc>
<status status="PASS" start="2024-02-01T19:11:24.375970" elapsed="0.000221"/>
</kw>
<kw name="Set Global Variable" owner="BuiltIn">
<msg time="2024-02-01T19:11:24.376421" level="INFO">${COUNTER_VEHICLE} = 2</msg>
<arg>${COUNTER_VEHICLE}</arg>
<doc>Makes a variable available globally in all tests and suites.</doc>
<status status="PASS" start="2024-02-01T19:11:24.376278" elapsed="0.000186"/>
</kw>
<status status="PASS" start="2024-02-01T19:11:24.375757" elapsed="0.000757"/>
</kw>
<kw name="Proceed To Next Page" owner="VehicleData">
<kw name="Click Button" owner="SeleniumLibrary">
<msg time="2024-02-01T19:11:24.376836" level="INFO">Clicking button 'nextenterinsurantdata'.</msg>
<arg>${NEXT_ENTER_INSURANT_ID}</arg>
<doc>Clicks the button identified by ``locator``.</doc>
<status status="PASS" start="2024-02-01T19:11:24.376719" elapsed="0.035299"/>
</kw>
<status status="PASS" start="2024-02-01T19:11:24.376591" elapsed="0.035555"/>
</kw>
<arg>${ACTIVE_CATEGORY}</arg>
<arg>${COUNTER_VEHICLE}</arg>
<status status="PASS" start="2024-02-01T19:11:24.066840" elapsed="0.345363"/>
</kw>
<kw name="E2E" owner="InsurantForm">
<kw name="Get List Of Insurants" owner="DataManager">
<kw name="Get CSV Data - Insurants" owner="DataManager">
<kw name="Read Csv File" owner="Csv">
<msg time="2024-02-01T19:11:24.413496" level="INFO">${csv_data} = [['John', 'Doe', '01/01/1984', 'gendermale', '123 Main St', 'Portugal', '12345', 'Lisbon', 'Employee', 'Speeding', 'https://github.com/Miguel-Barca', 'path/to/picture.jpg'], ['Alice', 'Smith', '05/12/...</msg>
<var>${csv_data}</var>
<arg>${CSV_INSURANTS_PATH}</arg>
<status status="PASS" start="2024-02-01T19:11:24.413215" elapsed="0.000451"/>
</kw>
<return>
<value>${csv_data}</value>
<status status="PASS" start="2024-02-01T19:11:24.413743" elapsed="0.000054"/>
</return>
<msg time="2024-02-01T19:11:24.413910" level="INFO">@{all_insurants_list} = [ ['John', 'Doe', '01/01/1984', 'gendermale', '123 Main St', 'Portugal', '12345', 'Lisbon', 'Employee', 'Speeding', 'https://github.com/Miguel-Barca', 'path/to/picture.jpg'] | ['Alice', 'Smith', '05/1...</msg>
<var>@{all_insurants_list}</var>
<status status="PASS" start="2024-02-01T19:11:24.413056" elapsed="0.000898"/>
</kw>
<return>
<value>@{all_insurants_list}</value>
<status status="PASS" start="2024-02-01T19:11:24.414000" elapsed="0.000031"/>
</return>
<msg time="2024-02-01T19:11:24.414126" level="INFO">@{all_insurants_list} = [ ['John', 'Doe', '01/01/1984', 'gendermale', '123 Main St', 'Portugal', '12345', 'Lisbon', 'Employee', 'Speeding', 'https://github.com/Miguel-Barca', 'path/to/picture.jpg'] | ['Alice', 'Smith', '05/1...</msg>
<var>@{all_insurants_list}</var>
<status status="PASS" start="2024-02-01T19:11:24.412757" elapsed="0.001407"/>
</kw>
<kw name="Set Variable" owner="BuiltIn">
<msg time="2024-02-01T19:11:24.414360" level="INFO">${single_insurant} = ['Alice', 'Smith', '05/12/1990', 'genderfemale', '456 Oak St', 'Spain', '56789', 'Madrid', 'Unemployed', 'Cliff Diving', 'https://github.com/Miguel-Barca', 'path/to/alice.jpg']</msg>
<var>${single_insurant}</var>
<arg>${all_insurants_list}[${COUNTER_INSURANT_COUNTER}]</arg>
<doc>Returns the given values which can then be assigned to a variables.</doc>
<status status="PASS" start="2024-02-01T19:11:24.414245" elapsed="0.000151"/>
</kw>
<kw name="Input Text" owner="SeleniumLibrary">
<msg time="2024-02-01T19:11:24.414611" level="INFO">Typing text 'Alice' into text field 'xpath=//input[@id='firstname']'.</msg>
<arg>${FIRST_NAME_XPATH}</arg>
<arg>${single_insurant}[0]</arg>
<doc>Types the given ``text`` into the text field identified by ``locator``.</doc>
<status status="PASS" start="2024-02-01T19:11:24.414475" elapsed="0.040773"/>
</kw>
<kw name="Input Text" owner="SeleniumLibrary">
<msg time="2024-02-01T19:11:24.455706" level="INFO">Typing text 'Smith' into text field 'xpath=//input[@id='lastname']'.</msg>
<arg>${LAST_NAME_XPATH}</arg>
<arg>${single_insurant}[1]</arg>
<doc>Types the given ``text`` into the text field identified by ``locator``.</doc>
<status status="PASS" start="2024-02-01T19:11:24.455438" elapsed="0.039228"/>
</kw>
<kw name="Input Text" owner="SeleniumLibrary">
<msg time="2024-02-01T19:11:24.495049" level="INFO">Typing text '05/12/1990' into text field 'xpath=//input[@id='birthdate']'.</msg>
<arg>${DOB_XPATH}</arg>
<arg>${single_insurant}[2]</arg>
<doc>Types the given ``text`` into the text field identified by ``locator``.</doc>
<status status="PASS" start="2024-02-01T19:11:24.494835" elapsed="0.050361"/>
</kw>
<kw name="Select Gender" owner="InsurantForm">
<kw name="Run Keyword" owner="BuiltIn">
<kw name="Select genderfemale" owner="InsurantForm">
<kw name="Click Element" owner="SeleniumLibrary">
<msg time="2024-02-01T19:11:24.546300" level="INFO">Clicking element '//form[@id="insurance-form"]//div[4]/p/label[2]/span'.</msg>
<arg>${GENDERFEMALE_RADIO_BUTTON}</arg>
<doc>Click the element identified by ``locator``.</doc>
<status status="PASS" start="2024-02-01T19:11:24.546012" elapsed="0.023460"/>
</kw>
<status status="PASS" start="2024-02-01T19:11:24.545865" elapsed="0.023813"/>
</kw>
<arg>Select ${INSURANT_DATA['gender']}</arg>
<doc>Executes the given keyword with the given arguments.</doc>
<status status="PASS" start="2024-02-01T19:11:24.545672" elapsed="0.024057"/>
</kw>
<arg>${single_insurant}[3]</arg>
<status status="PASS" start="2024-02-01T19:11:24.545393" elapsed="0.024389"/>
</kw>
<kw name="Input Text" owner="SeleniumLibrary">
<msg time="2024-02-01T19:11:24.570085" level="INFO">Typing text '456 Oak St' into text field 'xpath=//input[@id='streetaddress']'.</msg>
<arg>${STREET_ADDRESS_XPATH}</arg>
<arg>${single_insurant}[4]</arg>
<doc>Types the given ``text`` into the text field identified by ``locator``.</doc>
<status status="PASS" start="2024-02-01T19:11:24.569877" elapsed="0.045471"/>
</kw>
<kw name="Select From List By Value" owner="SeleniumLibrary">
<msg time="2024-02-01T19:11:24.615778" level="INFO">Selecting options from selection list 'xpath=//select[@id='country']' by value Spain.</msg>
<arg>${COUNTRIES_LIST_XPATH}</arg>
<arg>${single_insurant}[5]</arg>
<doc>Selects options from selection list ``locator`` by ``values``.</doc>
<status status="PASS" start="2024-02-01T19:11:24.615544" elapsed="0.030236"/>
</kw>
<kw name="Input Text" owner="SeleniumLibrary">
<msg time="2024-02-01T19:11:24.646192" level="INFO">Typing text '56789' into text field 'xpath=//input[@id='zipcode']'.</msg>
<arg>${ZIP_CODE_XPATH}</arg>
<arg>${single_insurant}[6]</arg>
<doc>Types the given ``text`` into the text field identified by ``locator``.</doc>
<status status="PASS" start="2024-02-01T19:11:24.645964" elapsed="0.040722"/>
</kw>
<kw name="Input Text" owner="SeleniumLibrary">
<msg time="2024-02-01T19:11:24.687083" level="INFO">Typing text 'Madrid' into text field 'xpath=//input[@id='city']'.</msg>
<arg>${CITY_XPATH}</arg>
<arg>${single_insurant}[7]</arg>
<doc>Types the given ``text`` into the text field identified by ``locator``.</doc>
<status status="PASS" start="2024-02-01T19:11:24.686859" elapsed="0.037148"/>
</kw>
<kw name="Select From List By Value" owner="SeleniumLibrary">
<msg time="2024-02-01T19:11:24.724428" level="INFO">Selecting options from selection list 'xpath=//select[@id='occupation']' by value Unemployed.</msg>
<arg>${OCCUPATION_LIST_XPATH}</arg>
<arg>${single_insurant}[8]</arg>
<doc>Selects options from selection list ``locator`` by ``values``.</doc>
<status status="PASS" start="2024-02-01T19:11:24.724196" elapsed="0.029968"/>
</kw>
<kw name="Evaluate and Select Hobbies" owner="InsurantForm">
<kw name="Run Keyword" owner="BuiltIn">
<kw name="Select Cliff Diving Hobby Option" owner="InsurantForm">
<kw name="Click Element" owner="SeleniumLibrary">
<msg time="2024-02-01T19:11:24.755331" level="INFO">Clicking element '//form[@id="insurance-form"]//div[10]/p/label[3]/span'.</msg>
<arg>${HOBBIES_CLIFF_DIVING_CHECKBOX}</arg>
<doc>Click the element identified by ``locator``.</doc>
<status status="PASS" start="2024-02-01T19:11:24.754989" elapsed="0.021173"/>
</kw>
<status status="PASS" start="2024-02-01T19:11:24.754855" elapsed="0.021520"/>
</kw>
<arg>Select ${INSURANT_DATA['hobbies']} Hobby Option</arg>
<doc>Executes the given keyword with the given arguments.</doc>
<status status="PASS" start="2024-02-01T19:11:24.754647" elapsed="0.021780"/>
</kw>
<arg>${single_insurant}[9]</arg>
<status status="PASS" start="2024-02-01T19:11:24.754360" elapsed="0.022124"/>
</kw>
<kw name="Input Text" owner="SeleniumLibrary">
<msg time="2024-02-01T19:11:24.776805" level="INFO">Typing text 'https://github.com/Miguel-Barca' into text field 'xpath=//input[@id='website']'.</msg>
<arg>${WEBSITE_XPATH}</arg>
<arg>${single_insurant}[10]</arg>
<doc>Types the given ``text`` into the text field identified by ``locator``.</doc>
<status status="PASS" start="2024-02-01T19:11:24.776593" elapsed="0.063455"/>
</kw>
<kw name="Increment Counter" owner="InsurantForm">
<kw name="Evaluate" owner="BuiltIn">
<msg time="2024-02-01T19:11:24.840795" level="INFO">${COUNTER_INSURANT_COUNTER} = 2</msg>
<var>${COUNTER_INSURANT_COUNTER}</var>
<arg>${COUNTER_INSURANT_COUNTER} + 1</arg>
<doc>Evaluates the given expression in Python and returns the result.</doc>
<status status="PASS" start="2024-02-01T19:11:24.840614" elapsed="0.000256"/>
</kw>
<kw name="Set Global Variable" owner="BuiltIn">
<msg time="2024-02-01T19:11:24.841123" level="INFO">${COUNTER_INSURANT_COUNTER} = 2</msg>
<arg>${COUNTER_INSURANT_COUNTER}</arg>
<doc>Makes a variable available globally in all tests and suites.</doc>
<status status="PASS" start="2024-02-01T19:11:24.840965" elapsed="0.000205"/>
</kw>
<status status="PASS" start="2024-02-01T19:11:24.840318" elapsed="0.000944"/>
</kw>
<kw name="Proceed To Next Page" owner="InsurantForm">
<kw name="Click Button" owner="SeleniumLibrary">
<msg time="2024-02-01T19:11:24.841593" level="INFO">Clicking button 'nextenterproductdata'.</msg>
<msg time="2024-02-01T19:11:24.843157" level="WARN">Keyword 'Capture Page Screenshot' could not be run on failure: Message: no such window: target window already closed
from unknown error: web view not found
  (Session info: chrome=121.0.6167.85)
Stacktrace:
0   chromedriver                        0x0000000104c727dc chromedriver + 4040668
1   chromedriver                        0x0000000104c6a9e0 chromedriver + 4008416
2   chromedriver                        0x00000001048dd870 chromedriver + 284784
3   chromedriver                        0x00000001048b8064 chromedriver + 131172
4   chromedriver                        0x00000001049472b0 chromedriver + 717488
5   chromedriver                        0x000000010495a75c chromedriver + 796508
6   chromedriver                        0x000000010491574c chromedriver + 513868
7   chromedriver                        0x0000000104916044 chromedriver + 516164
8   chromedriver                        0x0000000104c37a04 chromedriver + 3799556
9   chromedriver                        0x0000000104c3bee4 chromedriver + 3817188
10  chromedriver                        0x0000000104c20260 chromedriver + 3703392
11  chromedriver                        0x0000000104c3ca2c chromedriver + 3820076
12  chromedriver                        0x0000000104c1301c chromedriver + 3649564
13  chromedriver                        0x0000000104c59e3c chromedriver + 3939900
14  chromedriver                        0x0000000104c59fb4 chromedriver + 3940276
15  chromedriver                        0x0000000104c6a660 chromedriver + 4007520
16  libsystem_pthread.dylib             0x000000018a182034 _pthread_start + 136
17  libsystem_pthread.dylib             0x000000018a17ce3c thread_start + 8
</msg>
<msg time="2024-02-01T19:11:24.843684" level="FAIL">NoSuchWindowException: Message: no such window: target window already closed
from unknown error: web view not found
  (Session info: chrome=121.0.6167.85)
Stacktrace:
0   chromedriver                        0x0000000104c727dc chromedriver + 4040668
1   chromedriver                        0x0000000104c6a9e0 chromedriver + 4008416
2   chromedriver                        0x00000001048dd870 chromedriver + 284784
3   chromedriver                        0x00000001048b8064 chromedriver + 131172
4   chromedriver                        0x00000001049472b0 chromedriver + 717488
5   chromedriver                        0x000000010495a75c chromedriver + 796508
6   chromedriver                        0x000000010491574c chromedriver + 513868
7   chromedriver                        0x0000000104916044 chromedriver + 516164
8   chromedriver                        0x0000000104c37a04 chromedriver + 3799556
9   chromedriver                        0x0000000104c3bee4 chromedriver + 3817188
10  chromedriver                        0x0000000104c20260 chromedriver + 3703392
11  chromedriver                        0x0000000104c3ca2c chromedriver + 3820076
12  chromedriver                        0x0000000104c1301c chromedriver + 3649564
13  chromedriver                        0x0000000104c59e3c chromedriver + 3939900
14  chromedriver                        0x0000000104c59fb4 chromedriver + 3940276
15  chromedriver                        0x0000000104c6a660 chromedriver + 4007520
16  libsystem_pthread.dylib             0x000000018a182034 _pthread_start + 136
17  libsystem_pthread.dylib             0x000000018a17ce3c thread_start + 8
</msg>
<arg>${NEXT_ENTER_PRODUCT_ID}</arg>
<doc>Clicks the button identified by ``locator``.</doc>
<status status="FAIL" start="2024-02-01T19:11:24.841477" elapsed="0.005316">NoSuchWindowException: Message: no such window: target window already closed
from unknown error: web view not found
  (Session info: chrome=121.0.6167.85)
Stacktrace:
0   chromedriver                        0x0000000104c727dc chromedriver + 4040668
1   chromedriver                        0x0000000104c6a9e0 chromedriver + 4008416
2   chromedriver                        0x00000001048dd870 chromedriver + 284784
3   chromedriver                        0x00000001048b8064 chromedriver + 131172
4   chromedriver                        0x00000001049472b0 chromedriver + 717488
5   chromedriver                        0x000000010495a75c chromedriver + 796508
6   chromedriver                        0x000000010491574c chromedriver + 513868
7   chromedriver                        0x0000000104916044 chromedriver + 516164
8   chromedriver                        0x0000000104c37a04 chromedriver + 3799556
9   chromedriver                        0x0000000104c3bee4 chromedriver + 3817188
10  chromedriver                        0x0000000104c20260 chromedriver + 3703392
11  chromedriver                        0x0000000104c3ca2c chromedriver + 3820076
12  chromedriver                        0x0000000104c1301c chromedriver + 3649564
13  chromedriver                        0x0000000104c59e3c chromedriver + 3939900
14  chromedriver                        0x0000000104c59fb4 chromedriver + 3940276
15  chromedriver                        0x0000000104c6a660 chromedriver + 4007520
16  libsystem_pthread.dylib             0x000000018a182034 _pthread_start + 136
17  libsystem_pthread.dylib             0x000000018a17ce3c thread_start + 8
</status>
</kw>
<status status="FAIL" start="2024-02-01T19:11:24.841345" elapsed="0.005669">NoSuchWindowException: Message: no such window: target window already closed
from unknown error: web view not found
  (Session info: chrome=121.0.6167.85)
Stacktrace:
0   chromedriver                        0x0000000104c727dc chromedriver + 4040668
1   chromedriver                        0x0000000104c6a9e0 chromedriver + 4008416
2   chromedriver                        0x00000001048dd870 chromedriver + 284784
3   chromedriver                        0x00000001048b8064 chromedriver + 131172
4   chromedriver                        0x00000001049472b0 chromedriver + 717488
5   chromedriver                        0x000000010495a75c chromedriver + 796508
6   chromedriver                        0x000000010491574c chromedriver + 513868
7   chromedriver                        0x0000000104916044 chromedriver + 516164
8   chromedriver                        0x0000000104c37a04 chromedriver + 3799556
9   chromedriver                        0x0000000104c3bee4 chromedriver + 3817188
10  chromedriver                        0x0000000104c20260 chromedriver + 3703392
11  chromedriver                        0x0000000104c3ca2c chromedriver + 3820076
12  chromedriver                        0x0000000104c1301c chromedriver + 3649564
13  chromedriver                        0x0000000104c59e3c chromedriver + 3939900
14  chromedriver                        0x0000000104c59fb4 chromedriver + 3940276
15  chromedriver                        0x0000000104c6a660 chromedriver + 4007520
16  libsystem_pthread.dylib             0x000000018a182034 _pthread_start + 136
17  libsystem_pthread.dylib             0x000000018a17ce3c thread_start + 8
</status>
</kw>
<arg>${COUNTER_INSURANT_COUNTER}</arg>
<status status="FAIL" start="2024-02-01T19:11:24.412364" elapsed="0.434754">NoSuchWindowException: Message: no such window: target window already closed
from unknown error: web view not found
  (Session info: chrome=121.0.6167.85)
Stacktrace:
0   chromedriver                        0x0000000104c727dc chromedriver + 4040668
1   chromedriver                        0x0000000104c6a9e0 chromedriver + 4008416
2   chromedriver                        0x00000001048dd870 chromedriver + 284784
3   chromedriver                        0x00000001048b8064 chromedriver + 131172
4   chromedriver                        0x00000001049472b0 chromedriver + 717488
5   chromedriver                        0x000000010495a75c chromedriver + 796508
6   chromedriver                        0x000000010491574c chromedriver + 513868
7   chromedriver                        0x0000000104916044 chromedriver + 516164
8   chromedriver                        0x0000000104c37a04 chromedriver + 3799556
9   chromedriver                        0x0000000104c3bee4 chromedriver + 3817188
10  chromedriver                        0x0000000104c20260 chromedriver + 3703392
11  chromedriver                        0x0000000104c3ca2c chromedriver + 3820076
12  chromedriver                        0x0000000104c1301c chromedriver + 3649564
13  chromedriver                        0x0000000104c59e3c chromedriver + 3939900
14  chromedriver                        0x0000000104c59fb4 chromedriver + 3940276
15  chromedriver                        0x0000000104c6a660 chromedriver + 4007520
16  libsystem_pthread.dylib             0x000000018a182034 _pthread_start + 136
17  libsystem_pthread.dylib             0x000000018a17ce3c thread_start + 8
</status>
</kw>
<kw name="E2E" owner="ProductDataPage">
<status status="NOT RUN" start="2024-02-01T19:11:24.847343" elapsed="0.000080"/>
</kw>
<kw name="E2E" owner="SelectPriceOptionPage">
<status status="NOT RUN" start="2024-02-01T19:11:24.847513" elapsed="0.000042"/>
</kw>
<kw name="E2E" owner="SendQuotePage">
<status status="NOT RUN" start="2024-02-01T19:11:24.847633" elapsed="0.000040"/>
</kw>
<var name="${START}">1</var>
<status status="FAIL" start="2024-02-01T19:11:23.810311" elapsed="1.037416">NoSuchWindowException: Message: no such window: target window already closed
from unknown error: web view not found
  (Session info: chrome=121.0.6167.85)
Stacktrace:
0   chromedriver                        0x0000000104c727dc chromedriver + 4040668
1   chromedriver                        0x0000000104c6a9e0 chromedriver + 4008416
2   chromedriver                        0x00000001048dd870 chromedriver + 284784
3   chromedriver                        0x00000001048b8064 chromedriver + 131172
4   chromedriver                        0x00000001049472b0 chromedriver + 717488
5   chromedriver                        0x000000010495a75c chromedriver + 796508
6   chromedriver                        0x000000010491574c chromedriver + 513868
7   chromedriver                        0x0000000104916044 chromedriver + 516164
8   chromedriver                        0x0000000104c37a04 chromedriver + 3799556
9   chromedriver                        0x0000000104c3bee4 chromedriver + 3817188
10  chromedriver                        0x0000000104c20260 chromedriver + 3703392
11  chromedriver                        0x0000000104c3ca2c chromedriver + 3820076
12  chromedriver                        0x0000000104c1301c chromedriver + 3649564
13  chromedriver                        0x0000000104c59e3c chromedriver + 3939900
14  chromedriver                        0x0000000104c59fb4 chromedriver + 3940276
15  chromedriver                        0x0000000104c6a660 chromedriver + 4007520
16  libsystem_pthread.dylib             0x000000018a182034 _pthread_start + 136
17  libsystem_pthread.dylib             0x000000018a17ce3c thread_start + 8
</status>
</iter>
<var>${START}</var>
<value>${COUNTER}</value>
<value>${END}</value>
<status status="FAIL" start="2024-02-01T19:11:11.624013" elapsed="13.223777">NoSuchWindowException: Message: no such window: target window already closed
from unknown error: web view not found
  (Session info: chrome=121.0.6167.85)
Stacktrace:
0   chromedriver                        0x0000000104c727dc chromedriver + 4040668
1   chromedriver                        0x0000000104c6a9e0 chromedriver + 4008416
2   chromedriver                        0x00000001048dd870 chromedriver + 284784
3   chromedriver                        0x00000001048b8064 chromedriver + 131172
4   chromedriver                        0x00000001049472b0 chromedriver + 717488
5   chromedriver                        0x000000010495a75c chromedriver + 796508
6   chromedriver                        0x000000010491574c chromedriver + 513868
7   chromedriver                        0x0000000104916044 chromedriver + 516164
8   chromedriver                        0x0000000104c37a04 chromedriver + 3799556
9   chromedriver                        0x0000000104c3bee4 chromedriver + 3817188
10  chromedriver                        0x0000000104c20260 chromedriver + 3703392
11  chromedriver                        0x0000000104c3ca2c chromedriver + 3820076
12  chromedriver                        0x0000000104c1301c chromedriver + 3649564
13  chromedriver                        0x0000000104c59e3c chromedriver + 3939900
14  chromedriver                        0x0000000104c59fb4 chromedriver + 3940276
15  chromedriver                        0x0000000104c6a660 chromedriver + 4007520
16  libsystem_pthread.dylib             0x000000018a182034 _pthread_start + 136
17  libsystem_pthread.dylib             0x000000018a17ce3c thread_start + 8
</status>
</for>
<arg>Automobile</arg>
<status status="FAIL" start="2024-02-01T19:11:11.623726" elapsed="13.224146">NoSuchWindowException: Message: no such window: target window already closed
from unknown error: web view not found
  (Session info: chrome=121.0.6167.85)
Stacktrace:
0   chromedriver                        0x0000000104c727dc chromedriver + 4040668
1   chromedriver                        0x0000000104c6a9e0 chromedriver + 4008416
2   chromedriver                        0x00000001048dd870 chromedriver + 284784
3   chromedriver                        0x00000001048b8064 chromedriver + 131172
4   chromedriver                        0x00000001049472b0 chromedriver + 717488
5   chromedriver                        0x000000010495a75c chromedriver + 796508
6   chromedriver                        0x000000010491574c chromedriver + 513868
7   chromedriver                        0x0000000104916044 chromedriver + 516164
8   chromedriver                        0x0000000104c37a04 chromedriver + 3799556
9   chromedriver                        0x0000000104c3bee4 chromedriver + 3817188
10  chromedriver                        0x0000000104c20260 chromedriver + 3703392
11  chromedriver                        0x0000000104c3ca2c chromedriver + 3820076
12  chromedriver                        0x0000000104c1301c chromedriver + 3649564
13  chromedriver                        0x0000000104c59e3c chromedriver + 3939900
14  chromedriver                        0x0000000104c59fb4 chromedriver + 3940276
15  chromedriver                        0x0000000104c6a660 chromedriver + 4007520
16  libsystem_pthread.dylib             0x000000018a182034 _pthread_start + 136
17  libsystem_pthread.dylib             0x000000018a17ce3c thread_start + 8
</status>
</kw>
<kw name="End Web Test" owner="Common" type="TEARDOWN">
<kw name="Close All Browsers" owner="SeleniumLibrary">
<doc>Closes all open browsers and resets the browser cache.</doc>
<status status="PASS" start="2024-02-01T19:11:24.848227" elapsed="0.075306"/>
</kw>
<status status="PASS" start="2024-02-01T19:11:24.848061" elapsed="0.075599"/>
</kw>
<doc>Complete Flow</doc>
<tag>E2E</tag>
<status status="FAIL" start="2024-02-01T19:11:10.501566" elapsed="14.422183">NoSuchWindowException: Message: no such window: target window already closed
from unknown error: web view not found
  (Session info: chrome=121.0.6167.85)
Stacktrace:
0   chromedriver                        0x0000000104c727dc chromedriver + 4040668
1   chromedriver                        0x0000000104c6a9e0 chromedriver + 4008416
2   chromedriver                        0x00000001048dd870 chromedriver + 284784
3   chromedriver                        0x00000001048b8064 chromedriver + 131172
4   chromedriver                        0x00000001049472b0 chromedriver + 717488
5   chromedriver                        0x000000010495a75c chromedriver + 796508
6   chromedriver                        0x000000010491574c chromedriver + 513868
7   chromedriver                        0x0000000104916044 chromedriver + 516164
8   chromedriver                        0x0000000104c37a04 chromedriver + 3799556
9   chromedriver                        0x0000000104c3bee4 chromedriver + 3817188
10  chromedriver                        0x0000000104c20260 chromedriver + 3703392
11  chromedriver                        0x0000000104c3ca2c chromedriver + 3820076
12  chromedriver                        0x0000000104c1301c chromedriver + 3649564
13  chromedriver                        0x0000000104c59e3c chromedriver + 3939900
14  chromedriver                        0x0000000104c59fb4 chromedriver + 3940276
15  chromedriver                        0x0000000104c6a660 chromedriver + 4007520
16  libsystem_pthread.dylib             0x000000018a182034 _pthread_start + 136
17  libsystem_pthread.dylib             0x000000018a17ce3c thread_start + 8
</status>
</test>
<status status="FAIL" start="2024-02-01T19:11:10.440621" elapsed="14.483750"/>
</suite>
<status status="FAIL" start="2024-02-01T19:11:10.439899" elapsed="14.485015"/>
</suite>
<status status="FAIL" start="2024-02-01T19:11:10.425913" elapsed="14.499496"/>
</suite>
<statistics>
<total>
<stat pass="0" fail="1" skip="0">All Tests</stat>
</total>
<tag>
<stat pass="0" fail="1" skip="0">E2E</stat>
</tag>
<suite>
<stat pass="0" fail="1" skip="0" id="s1" name="Vehicle Insurance App">Vehicle Insurance App</stat>
<stat pass="0" fail="1" skip="0" id="s1-s1" name="Tests">Vehicle Insurance App.Tests</stat>
<stat pass="0" fail="1" skip="0" id="s1-s1-s1" name="TricentisScript">Vehicle Insurance App.Tests.TricentisScript</stat>
</suite>
</statistics>
<errors>
<msg time="2024-02-01T19:11:24.843157" level="WARN">Keyword 'Capture Page Screenshot' could not be run on failure: Message: no such window: target window already closed
from unknown error: web view not found
  (Session info: chrome=121.0.6167.85)
Stacktrace:
0   chromedriver                        0x0000000104c727dc chromedriver + 4040668
1   chromedriver                        0x0000000104c6a9e0 chromedriver + 4008416
2   chromedriver                        0x00000001048dd870 chromedriver + 284784
3   chromedriver                        0x00000001048b8064 chromedriver + 131172
4   chromedriver                        0x00000001049472b0 chromedriver + 717488
5   chromedriver                        0x000000010495a75c chromedriver + 796508
6   chromedriver                        0x000000010491574c chromedriver + 513868
7   chromedriver                        0x0000000104916044 chromedriver + 516164
8   chromedriver                        0x0000000104c37a04 chromedriver + 3799556
9   chromedriver                        0x0000000104c3bee4 chromedriver + 3817188
10  chromedriver                        0x0000000104c20260 chromedriver + 3703392
11  chromedriver                        0x0000000104c3ca2c chromedriver + 3820076
12  chromedriver                        0x0000000104c1301c chromedriver + 3649564
13  chromedriver                        0x0000000104c59e3c chromedriver + 3939900
14  chromedriver                        0x0000000104c59fb4 chromedriver + 3940276
15  chromedriver                        0x0000000104c6a660 chromedriver + 4007520
16  libsystem_pthread.dylib             0x000000018a182034 _pthread_start + 136
17  libsystem_pthread.dylib             0x000000018a17ce3c thread_start + 8
</msg>
</errors>
</robot>
